-------------------------------------------------------------------------------
Test set: com.basic.postUpdatedJsonSD.RunMyPostFromTextFileTest
-------------------------------------------------------------------------------
Tests run: 3, Failures: 0, Errors: 2, Skipped: 1, Time elapsed: 0.229 sec <<< FAILURE!
Given user hit the post request with "Anil" name(Scenario: Test my POST request test)  Time elapsed: 0.001 sec  <<< ERROR!
java.nio.file.NoSuchFileException: C:\Users\admin\gitCucuRestAssured\CucuRestAssured\src\test\java\com\basic\postFromTextFileSD\user.json
	at sun.nio.fs.WindowsException.translateToIOException(WindowsException.java:79)
	at sun.nio.fs.WindowsException.rethrowAsIOException(WindowsException.java:97)
	at sun.nio.fs.WindowsException.rethrowAsIOException(WindowsException.java:102)
	at sun.nio.fs.WindowsFileSystemProvider.newByteChannel(WindowsFileSystemProvider.java:230)
	at java.nio.file.Files.newByteChannel(Files.java:361)
	at java.nio.file.Files.newByteChannel(Files.java:407)
	at java.nio.file.Files.readAllBytes(Files.java:3152)
	at com.basic.postUpdatedJsonSD.MyPostFromTextFile.user_hit_the_post_request_with_json_data(MyPostFromTextFile.java:32)
	at ?.Given user hit the post request with "Anil" name(PostUpdatedJson.feature:5)

Scenario: Test my POST request test  Time elapsed: 0.001 sec  <<< ERROR!
java.nio.file.NoSuchFileException: C:\Users\admin\gitCucuRestAssured\CucuRestAssured\src\test\java\com\basic\postFromTextFileSD\user.json
	at sun.nio.fs.WindowsException.translateToIOException(WindowsException.java:79)
	at sun.nio.fs.WindowsException.rethrowAsIOException(WindowsException.java:97)
	at sun.nio.fs.WindowsException.rethrowAsIOException(WindowsException.java:102)
	at sun.nio.fs.WindowsFileSystemProvider.newByteChannel(WindowsFileSystemProvider.java:230)
	at java.nio.file.Files.newByteChannel(Files.java:361)
	at java.nio.file.Files.newByteChannel(Files.java:407)
	at java.nio.file.Files.readAllBytes(Files.java:3152)
	at com.basic.postUpdatedJsonSD.MyPostFromTextFile.user_hit_the_post_request_with_json_data(MyPostFromTextFile.java:32)
	at ?.Given user hit the post request with "Anil" name(PostUpdatedJson.feature:5)

