<?xml version="1.0" encoding="UTF-8" ?>
<testsuite tests="16" failures="0" name="com.basic.MyFirstSelenium.RunnerFirstSeleniumScriptTest" time="0.039" errors="8" skipped="8">
  <properties>
[...]
</properties>
  <testcase classname="Scenario: test all tabs on home page" name="Given User Opens seleniumhq website" time="0.001">
    <error message="The path to the driver executable must be set by the webdriver.chrome.driver system property; for more information, see https://github.com/SeleniumHQ/selenium/wiki/ChromeDriver. The latest version can be downloaded from http://chromedriver.storage.googleapis.com/index.html" type="java.lang.IllegalStateException">java.lang.IllegalStateException: The path to the driver executable must be set by the webdriver.chrome.driver system property; for more information, see https://github.com/SeleniumHQ/selenium/wiki/ChromeDriver. The latest version can be downloaded from http://chromedriver.storage.googleapis.com/index.html
	at com.google.common.base.Preconditions.checkState(Preconditions.java:754)
	at org.openqa.selenium.remote.service.DriverService.findExecutable(DriverService.java:124)
	at org.openqa.selenium.chrome.ChromeDriverService.access$000(ChromeDriverService.java:32)
	at org.openqa.selenium.chrome.ChromeDriverService$Builder.findDefaultExecutable(ChromeDriverService.java:137)
	at org.openqa.selenium.remote.service.DriverService$Builder.build(DriverService.java:329)
	at org.openqa.selenium.chrome.ChromeDriverService.createDefaultService(ChromeDriverService.java:88)
	at org.openqa.selenium.chrome.ChromeDriver.&lt;init&gt;(ChromeDriver.java:124)
	at com.basic.MyFirstSelenium.FirstSeleniumScriptSD.User_Opens_seleniumhq_website11(FirstSeleniumScriptSD.java:19)
	at ✽.Given User Opens seleniumhq website(src/test/resources/com/basic/MyFirstSelenium/FirstSeleniumScriptFF.feature:4)
</error>
    <system-out>
  Scenario: Test my Get Method     &amp;#27;[90m# com/basic/hooksOfCucu/HooksTesting.feature:4&amp;#27;[0m
    &amp;#27;[32mGiven &amp;#27;[0m&amp;#27;[32muser hit the get request&amp;#27;[0m &amp;#27;[90m# TestHooks.user_hit_the_get_request()&amp;#27;[0m

1 Scenarios (&amp;#27;[32m1 passed&amp;#27;[0m)
1 Steps (&amp;#27;[32m1 passed&amp;#27;[0m)
0m1.571s

Feature: Testing cucumber with selenium
</system-out>
  </testcase>
  <testcase classname="Scenario: test all tabs on home page" name="Scenario: test all tabs on home page" time="0.001">
    <error message="The path to the driver executable must be set by the webdriver.chrome.driver system property; for more information, see https://github.com/SeleniumHQ/selenium/wiki/ChromeDriver. The latest version can be downloaded from http://chromedriver.storage.googleapis.com/index.html" type="java.lang.IllegalStateException">java.lang.IllegalStateException: The path to the driver executable must be set by the webdriver.chrome.driver system property; for more information, see https://github.com/SeleniumHQ/selenium/wiki/ChromeDriver. The latest version can be downloaded from http://chromedriver.storage.googleapis.com/index.html
	at com.google.common.base.Preconditions.checkState(Preconditions.java:754)
	at org.openqa.selenium.remote.service.DriverService.findExecutable(DriverService.java:124)
	at org.openqa.selenium.chrome.ChromeDriverService.access$000(ChromeDriverService.java:32)
	at org.openqa.selenium.chrome.ChromeDriverService$Builder.findDefaultExecutable(ChromeDriverService.java:137)
	at org.openqa.selenium.remote.service.DriverService$Builder.build(DriverService.java:329)
	at org.openqa.selenium.chrome.ChromeDriverService.createDefaultService(ChromeDriverService.java:88)
	at org.openqa.selenium.chrome.ChromeDriver.&lt;init&gt;(ChromeDriver.java:124)
	at com.basic.MyFirstSelenium.FirstSeleniumScriptSD.User_Opens_seleniumhq_website11(FirstSeleniumScriptSD.java:19)
	at ✽.Given User Opens seleniumhq website(src/test/resources/com/basic/MyFirstSelenium/FirstSeleniumScriptFF.feature:4)
</error>
  </testcase>
  <testcase classname="Scenario: test all tabs on home page" name="When user click on &quot;Project&quot; tab" time="0.013">
    <skipped/>
  </testcase>
  <testcase classname="Scenario: test all tabs on home page" name="Then user checks About tab" time="0.013">
    <skipped/>
  </testcase>
  <testcase classname="Scenario: test all tabs on home page22" name="Given User Opens seleniumhq website" time="0">
    <error message="The path to the driver executable must be set by the webdriver.chrome.driver system property; for more information, see https://github.com/SeleniumHQ/selenium/wiki/ChromeDriver. The latest version can be downloaded from http://chromedriver.storage.googleapis.com/index.html" type="java.lang.IllegalStateException">java.lang.IllegalStateException: The path to the driver executable must be set by the webdriver.chrome.driver system property; for more information, see https://github.com/SeleniumHQ/selenium/wiki/ChromeDriver. The latest version can be downloaded from http://chromedriver.storage.googleapis.com/index.html
	at com.google.common.base.Preconditions.checkState(Preconditions.java:754)
	at org.openqa.selenium.remote.service.DriverService.findExecutable(DriverService.java:124)
	at org.openqa.selenium.chrome.ChromeDriverService.access$000(ChromeDriverService.java:32)
	at org.openqa.selenium.chrome.ChromeDriverService$Builder.findDefaultExecutable(ChromeDriverService.java:137)
	at org.openqa.selenium.remote.service.DriverService$Builder.build(DriverService.java:329)
	at org.openqa.selenium.chrome.ChromeDriverService.createDefaultService(ChromeDriverService.java:88)
	at org.openqa.selenium.chrome.ChromeDriver.&lt;init&gt;(ChromeDriver.java:124)
	at com.basic.MyFirstSelenium.FirstSeleniumScriptSD.User_Opens_seleniumhq_website11(FirstSeleniumScriptSD.java:19)
	at ✽.Given User Opens seleniumhq website(src/test/resources/com/basic/MyFirstSelenium/FirstSeleniumScriptFF.feature:9)
</error>
    <system-out>
  Scenario: test all tabs on home page  &amp;#27;[90m# src/test/resources/com/basic/MyFirstSelenium/FirstSeleniumScriptFF.feature:3&amp;#27;[0m
    &amp;#27;[31mGiven &amp;#27;[0m&amp;#27;[31mUser Opens seleniumhq website&amp;#27;[0m &amp;#27;[90m# FirstSeleniumScriptSD.User_Opens_seleniumhq_website11()&amp;#27;[0m
      &amp;#27;[31mjava.lang.IllegalStateException: The path to the driver executable must be set by the webdriver.chrome.driver system property; for more information, see https://github.com/SeleniumHQ/selenium/wiki/ChromeDriver. The latest version can be downloaded from http://chromedriver.storage.googleapis.com/index.html
      	at com.google.common.base.Preconditions.checkState(Preconditions.java:754)
      	at org.openqa.selenium.remote.service.DriverService.findExecutable(DriverService.java:124)
      	at org.openqa.selenium.chrome.ChromeDriverService.access$000(ChromeDriverService.java:32)
      	at org.openqa.selenium.chrome.ChromeDriverService$Builder.findDefaultExecutable(ChromeDriverService.java:137)
      	at org.openqa.selenium.remote.service.DriverService$Builder.build(DriverService.java:329)
      	at org.openqa.selenium.chrome.ChromeDriverService.createDefaultService(ChromeDriverService.java:88)
      	at org.openqa.selenium.chrome.ChromeDriver.&lt;init&gt;(ChromeDriver.java:124)
      	at com.basic.MyFirstSelenium.FirstSeleniumScriptSD.User_Opens_seleniumhq_website11(FirstSeleniumScriptSD.java:19)
      	at ?.Given User Opens seleniumhq website(src/test/resources/com/basic/MyFirstSelenium/FirstSeleniumScriptFF.feature:4)
      &amp;#27;[0m
    &amp;#27;[36mWhen &amp;#27;[0m&amp;#27;[36muser click on &quot;&amp;#27;[0m&amp;#27;[36m&amp;#27;[1mProject&amp;#27;[0m&amp;#27;[36m&quot; tab&amp;#27;[0m    &amp;#27;[90m# FirstSeleniumScriptSD.user_click_on_Project_tab(String)&amp;#27;[0m
    &amp;#27;[36mThen &amp;#27;[0m&amp;#27;[36muser checks About tab&amp;#27;[0m          &amp;#27;[90m# FirstSeleniumScriptSD.user_checks_About_tab()&amp;#27;[0m
</system-out>
  </testcase>
  <testcase classname="Scenario: test all tabs on home page22" name="Scenario: test all tabs on home page22" time="0">
    <error message="The path to the driver executable must be set by the webdriver.chrome.driver system property; for more information, see https://github.com/SeleniumHQ/selenium/wiki/ChromeDriver. The latest version can be downloaded from http://chromedriver.storage.googleapis.com/index.html" type="java.lang.IllegalStateException">java.lang.IllegalStateException: The path to the driver executable must be set by the webdriver.chrome.driver system property; for more information, see https://github.com/SeleniumHQ/selenium/wiki/ChromeDriver. The latest version can be downloaded from http://chromedriver.storage.googleapis.com/index.html
	at com.google.common.base.Preconditions.checkState(Preconditions.java:754)
	at org.openqa.selenium.remote.service.DriverService.findExecutable(DriverService.java:124)
	at org.openqa.selenium.chrome.ChromeDriverService.access$000(ChromeDriverService.java:32)
	at org.openqa.selenium.chrome.ChromeDriverService$Builder.findDefaultExecutable(ChromeDriverService.java:137)
	at org.openqa.selenium.remote.service.DriverService$Builder.build(DriverService.java:329)
	at org.openqa.selenium.chrome.ChromeDriverService.createDefaultService(ChromeDriverService.java:88)
	at org.openqa.selenium.chrome.ChromeDriver.&lt;init&gt;(ChromeDriver.java:124)
	at com.basic.MyFirstSelenium.FirstSeleniumScriptSD.User_Opens_seleniumhq_website11(FirstSeleniumScriptSD.java:19)
	at ✽.Given User Opens seleniumhq website(src/test/resources/com/basic/MyFirstSelenium/FirstSeleniumScriptFF.feature:9)
</error>
  </testcase>
  <testcase classname="Scenario: test all tabs on home page22" name="When user click on &quot;Documenation&quot; tab" time="0.001">
    <skipped/>
  </testcase>
  <testcase classname="Scenario: test all tabs on home page22" name="Then user checks About tab" time="0.001">
    <skipped/>
  </testcase>
  <testcase classname="Scenario: test all tabs on home page33" name="Given User Opens seleniumhq website" time="0">
    <error message="The path to the driver executable must be set by the webdriver.chrome.driver system property; for more information, see https://github.com/SeleniumHQ/selenium/wiki/ChromeDriver. The latest version can be downloaded from http://chromedriver.storage.googleapis.com/index.html" type="java.lang.IllegalStateException">java.lang.IllegalStateException: The path to the driver executable must be set by the webdriver.chrome.driver system property; for more information, see https://github.com/SeleniumHQ/selenium/wiki/ChromeDriver. The latest version can be downloaded from http://chromedriver.storage.googleapis.com/index.html
	at com.google.common.base.Preconditions.checkState(Preconditions.java:754)
	at org.openqa.selenium.remote.service.DriverService.findExecutable(DriverService.java:124)
	at org.openqa.selenium.chrome.ChromeDriverService.access$000(ChromeDriverService.java:32)
	at org.openqa.selenium.chrome.ChromeDriverService$Builder.findDefaultExecutable(ChromeDriverService.java:137)
	at org.openqa.selenium.remote.service.DriverService$Builder.build(DriverService.java:329)
	at org.openqa.selenium.chrome.ChromeDriverService.createDefaultService(ChromeDriverService.java:88)
	at org.openqa.selenium.chrome.ChromeDriver.&lt;init&gt;(ChromeDriver.java:124)
	at com.basic.MyFirstSelenium.FirstSeleniumScriptSD.User_Opens_seleniumhq_website11(FirstSeleniumScriptSD.java:19)
	at ✽.Given User Opens seleniumhq website(src/test/resources/com/basic/MyFirstSelenium/FirstSeleniumScriptFF2.feature:4)
</error>
    <system-out>
  Scenario: test all tabs on home page22  &amp;#27;[90m# src/test/resources/com/basic/MyFirstSelenium/FirstSeleniumScriptFF.feature:8&amp;#27;[0m
    &amp;#27;[31mGiven &amp;#27;[0m&amp;#27;[31mUser Opens seleniumhq website&amp;#27;[0m   &amp;#27;[90m# FirstSeleniumScriptSD.User_Opens_seleniumhq_website11()&amp;#27;[0m
      &amp;#27;[31mjava.lang.IllegalStateException: The path to the driver executable must be set by the webdriver.chrome.driver system property; for more information, see https://github.com/SeleniumHQ/selenium/wiki/ChromeDriver. The latest version can be downloaded from http://chromedriver.storage.googleapis.com/index.html
      	at com.google.common.base.Preconditions.checkState(Preconditions.java:754)
      	at org.openqa.selenium.remote.service.DriverService.findExecutable(DriverService.java:124)
      	at org.openqa.selenium.chrome.ChromeDriverService.access$000(ChromeDriverService.java:32)
      	at org.openqa.selenium.chrome.ChromeDriverService$Builder.findDefaultExecutable(ChromeDriverService.java:137)
      	at org.openqa.selenium.remote.service.DriverService$Builder.build(DriverService.java:329)
      	at org.openqa.selenium.chrome.ChromeDriverService.createDefaultService(ChromeDriverService.java:88)
      	at org.openqa.selenium.chrome.ChromeDriver.&lt;init&gt;(ChromeDriver.java:124)
      	at com.basic.MyFirstSelenium.FirstSeleniumScriptSD.User_Opens_seleniumhq_website11(FirstSeleniumScriptSD.java:19)
      	at ?.Given User Opens seleniumhq website(src/test/resources/com/basic/MyFirstSelenium/FirstSeleniumScriptFF.feature:9)
      &amp;#27;[0m
    &amp;#27;[36mWhen &amp;#27;[0m&amp;#27;[36muser click on &quot;&amp;#27;[0m&amp;#27;[36m&amp;#27;[1mDocumenation&amp;#27;[0m&amp;#27;[36m&quot; tab&amp;#27;[0m &amp;#27;[90m# FirstSeleniumScriptSD.user_click_on_Project_tab(String)&amp;#27;[0m
    &amp;#27;[36mThen &amp;#27;[0m&amp;#27;[36muser checks About tab&amp;#27;[0m            &amp;#27;[90m# FirstSeleniumScriptSD.user_checks_About_tab()&amp;#27;[0m
Feature: Testing cucumber with selenium
</system-out>
  </testcase>
  <testcase classname="Scenario: test all tabs on home page33" name="Scenario: test all tabs on home page33" time="0">
    <error message="The path to the driver executable must be set by the webdriver.chrome.driver system property; for more information, see https://github.com/SeleniumHQ/selenium/wiki/ChromeDriver. The latest version can be downloaded from http://chromedriver.storage.googleapis.com/index.html" type="java.lang.IllegalStateException">java.lang.IllegalStateException: The path to the driver executable must be set by the webdriver.chrome.driver system property; for more information, see https://github.com/SeleniumHQ/selenium/wiki/ChromeDriver. The latest version can be downloaded from http://chromedriver.storage.googleapis.com/index.html
	at com.google.common.base.Preconditions.checkState(Preconditions.java:754)
	at org.openqa.selenium.remote.service.DriverService.findExecutable(DriverService.java:124)
	at org.openqa.selenium.chrome.ChromeDriverService.access$000(ChromeDriverService.java:32)
	at org.openqa.selenium.chrome.ChromeDriverService$Builder.findDefaultExecutable(ChromeDriverService.java:137)
	at org.openqa.selenium.remote.service.DriverService$Builder.build(DriverService.java:329)
	at org.openqa.selenium.chrome.ChromeDriverService.createDefaultService(ChromeDriverService.java:88)
	at org.openqa.selenium.chrome.ChromeDriver.&lt;init&gt;(ChromeDriver.java:124)
	at com.basic.MyFirstSelenium.FirstSeleniumScriptSD.User_Opens_seleniumhq_website11(FirstSeleniumScriptSD.java:19)
	at ✽.Given User Opens seleniumhq website(src/test/resources/com/basic/MyFirstSelenium/FirstSeleniumScriptFF2.feature:4)
</error>
  </testcase>
  <testcase classname="Scenario: test all tabs on home page33" name="When user click on Project tab" time="0">
    <skipped/>
  </testcase>
  <testcase classname="Scenario: test all tabs on home page33" name="Then user checks About tab" time="0">
    <skipped/>
  </testcase>
  <testcase classname="Scenario: test all tabs on home page44" name="Given User Opens seleniumhq website" time="0.001">
    <error message="The path to the driver executable must be set by the webdriver.chrome.driver system property; for more information, see https://github.com/SeleniumHQ/selenium/wiki/ChromeDriver. The latest version can be downloaded from http://chromedriver.storage.googleapis.com/index.html" type="java.lang.IllegalStateException">java.lang.IllegalStateException: The path to the driver executable must be set by the webdriver.chrome.driver system property; for more information, see https://github.com/SeleniumHQ/selenium/wiki/ChromeDriver. The latest version can be downloaded from http://chromedriver.storage.googleapis.com/index.html
	at com.google.common.base.Preconditions.checkState(Preconditions.java:754)
	at org.openqa.selenium.remote.service.DriverService.findExecutable(DriverService.java:124)
	at org.openqa.selenium.chrome.ChromeDriverService.access$000(ChromeDriverService.java:32)
	at org.openqa.selenium.chrome.ChromeDriverService$Builder.findDefaultExecutable(ChromeDriverService.java:137)
	at org.openqa.selenium.remote.service.DriverService$Builder.build(DriverService.java:329)
	at org.openqa.selenium.chrome.ChromeDriverService.createDefaultService(ChromeDriverService.java:88)
	at org.openqa.selenium.chrome.ChromeDriver.&lt;init&gt;(ChromeDriver.java:124)
	at com.basic.MyFirstSelenium.FirstSeleniumScriptSD.User_Opens_seleniumhq_website11(FirstSeleniumScriptSD.java:19)
	at ✽.Given User Opens seleniumhq website(src/test/resources/com/basic/MyFirstSelenium/FirstSeleniumScriptFF2.feature:9)
</error>
    <system-out>
  Scenario: test all tabs on home page33 &amp;#27;[90m# src/test/resources/com/basic/MyFirstSelenium/FirstSeleniumScriptFF2.feature:3&amp;#27;[0m
    &amp;#27;[31mGiven &amp;#27;[0m&amp;#27;[31mUser Opens seleniumhq website&amp;#27;[0m  &amp;#27;[90m# FirstSeleniumScriptSD.User_Opens_seleniumhq_website11()&amp;#27;[0m
      &amp;#27;[31mjava.lang.IllegalStateException: The path to the driver executable must be set by the webdriver.chrome.driver system property; for more information, see https://github.com/SeleniumHQ/selenium/wiki/ChromeDriver. The latest version can be downloaded from http://chromedriver.storage.googleapis.com/index.html
      	at com.google.common.base.Preconditions.checkState(Preconditions.java:754)
      	at org.openqa.selenium.remote.service.DriverService.findExecutable(DriverService.java:124)
      	at org.openqa.selenium.chrome.ChromeDriverService.access$000(ChromeDriverService.java:32)
      	at org.openqa.selenium.chrome.ChromeDriverService$Builder.findDefaultExecutable(ChromeDriverService.java:137)
      	at org.openqa.selenium.remote.service.DriverService$Builder.build(DriverService.java:329)
      	at org.openqa.selenium.chrome.ChromeDriverService.createDefaultService(ChromeDriverService.java:88)
      	at org.openqa.selenium.chrome.ChromeDriver.&lt;init&gt;(ChromeDriver.java:124)
      	at com.basic.MyFirstSelenium.FirstSeleniumScriptSD.User_Opens_seleniumhq_website11(FirstSeleniumScriptSD.java:19)
      	at ?.Given User Opens seleniumhq website(src/test/resources/com/basic/MyFirstSelenium/FirstSeleniumScriptFF2.feature:4)
      &amp;#27;[0m
    &amp;#27;[33mWhen &amp;#27;[0m&amp;#27;[33muser click on Project tab&amp;#27;[0m
    &amp;#27;[36mThen &amp;#27;[0m&amp;#27;[36muser checks About tab&amp;#27;[0m           &amp;#27;[90m# FirstSeleniumScriptSD.user_checks_About_tab()&amp;#27;[0m
</system-out>
  </testcase>
  <testcase classname="Scenario: test all tabs on home page44" name="Scenario: test all tabs on home page44" time="0.001">
    <error message="The path to the driver executable must be set by the webdriver.chrome.driver system property; for more information, see https://github.com/SeleniumHQ/selenium/wiki/ChromeDriver. The latest version can be downloaded from http://chromedriver.storage.googleapis.com/index.html" type="java.lang.IllegalStateException">java.lang.IllegalStateException: The path to the driver executable must be set by the webdriver.chrome.driver system property; for more information, see https://github.com/SeleniumHQ/selenium/wiki/ChromeDriver. The latest version can be downloaded from http://chromedriver.storage.googleapis.com/index.html
	at com.google.common.base.Preconditions.checkState(Preconditions.java:754)
	at org.openqa.selenium.remote.service.DriverService.findExecutable(DriverService.java:124)
	at org.openqa.selenium.chrome.ChromeDriverService.access$000(ChromeDriverService.java:32)
	at org.openqa.selenium.chrome.ChromeDriverService$Builder.findDefaultExecutable(ChromeDriverService.java:137)
	at org.openqa.selenium.remote.service.DriverService$Builder.build(DriverService.java:329)
	at org.openqa.selenium.chrome.ChromeDriverService.createDefaultService(ChromeDriverService.java:88)
	at org.openqa.selenium.chrome.ChromeDriver.&lt;init&gt;(ChromeDriver.java:124)
	at com.basic.MyFirstSelenium.FirstSeleniumScriptSD.User_Opens_seleniumhq_website11(FirstSeleniumScriptSD.java:19)
	at ✽.Given User Opens seleniumhq website(src/test/resources/com/basic/MyFirstSelenium/FirstSeleniumScriptFF2.feature:9)
</error>
  </testcase>
  <testcase classname="Scenario: test all tabs on home page44" name="When user click on Project tab" time="0.003">
    <skipped/>
  </testcase>
  <testcase classname="Scenario: test all tabs on home page44" name="Then user checks About tab" time="0.004">
    <skipped/>
  </testcase>
</testsuite>